********************************************************************************
DUPLICATOR-LITE PACKAGE-LOG: July 23, 2019 9:36 am
NOTICE: Do NOT post to public sites or forums 
********************************************************************************
VERSION:	1.3.18
WORDPRESS:	5.2.2
PHP INFO:	7.1.19 | SAPI: apache2handler
SERVER:		Apache/2.4.34 (Unix) PHP/7.1.19 
PHP TIME LIMIT: (0) no time limit imposed 
PHP MAX MEMORY: 4294967296 (128M default) 
MEMORY STACK: 2MB

********************************************************************************
DATABASE:
********************************************************************************
BUILD MODE:   MYSQLDUMP
MYSQLTIMEOUT: 5000
MYSQLDUMP:    Is Supported
SQL CREATED: 20190723_kultureboom_4e5831e3fbb75ce98867_20190723093650_database.sql
SQL FILE SIZE: 578.15KB (592021)
SQL FILE TIME: 2019-07-23 09:36:56
SQL RUNTIME: 1.27 sec.

********************************************************************************
ARCHIVE (ZIP):
********************************************************************************
ARCHIVE DIR:  /Users/samsonaligba/Sites/kultureboom/private
ARCHIVE FILE: 20190723_kultureboom_4e5831e3fbb75ce98867_20190723093650_archive.zip
FILTERS: *OFF*
DIRS:
	not set
FILES:
	not set
EXTS:  not set
----------------------------------------
COMPRESSING
SIZE:	58.15MB
STATS:	Dirs 380 | Files 2,785
SQL ADDED: 20190723_kultureboom_4e5831e3fbb75ce98867_20190723093650_database.sql
ZipArchive Object
(
    [status] => 0
    [statusSys] => 0
    [numFiles] => 3165
    [filename] => /Users/samsonaligba/Sites/kultureboom/private/wp-snapshots/tmp/20190723_kultureboom_4e5831e3fbb75ce98867_20190723093650_archive.zip
    [comment] => 
)

FILE ADDED TO ZIP: 3164
[PHP ERR][NOTICE] MSG:ob_flush(): failed to flush buffer. No buffer to flush [CODE:8|FILE:/Users/samsonaligba/Sites/kultureboom/private/wp-content/plugins/duplicator/classes/utilities/class.u.php|LINE:172]
COMPRESSION RESULT: '1'
COMPRESSED SIZE: 18.29MB
ARCHIVE RUNTIME: 9.75 sec.
MEMORY STACK: 4MB
building installer
add_extra_files1
add_extra_files2
add_extra_files3
add_extra_files4
Doing archive file check
add_extra_files5
add_extra_files6
add_extra_files8
Successfully opened zip /Users/samsonaligba/Sites/kultureboom/private/wp-snapshots/tmp/20190723_kultureboom_4e5831e3fbb75ce98867_20190723093650_archive.zip
Adding enhanced installer files to archive using ZipArchive
Installer files added to archive
Added to archive
After ziparchive close when adding installer

********************************************************************************
INTEGRITY CHECKS:
********************************************************************************
SQL FILE: 578.15KB
INSTALLER FILE: 59.37KB
ARCHIVE FILE: 19.6MB 
EXPECTED FILE/DIRECTORY COUNT: 3,165
ACTUAL FILE/DIRECTORY COUNT: 3,164
ARCHIVE CONSISTENCY TEST: Pass

********************************************************************************
RECORD ID:[1]
TOTAL PROCESS RUNTIME: 13.61 sec.
PEAK PHP MEMORY USED: 4MB
DONE PROCESSING => 20190723_kultureboom July 23, 2019 9:37 am

